<?xml version="1.0" encoding="UTF-8"?>
<!-- Generated by org.testng.reporters.JUnitReportReporter -->
<testsuite skipped="0" hostname="mujeeb" name="SeleniumTestNg.DataProviderLearn" tests="2" failures="0" timestamp="2023-02-28T13:28:09 IST" time="0.011" errors="0">
  <testcase name="login" time="0.009" classname="SeleniumTestNg.DataProviderLearn"/>
  <system-out/>
  <testcase name="login" time="0.002" classname="SeleniumTestNg.DataProviderLearn"/>
  <system-out/>
</testsuite> <!-- SeleniumTestNg.DataProviderLearn -->
