<?xml version="1.0" encoding="UTF-8"?>
<!-- Generated by org.testng.reporters.JUnitReportReporter -->
<testsuite skipped="0" hostname="mujeeb" name="SeleniumTestNg.Annotations" tests="2" failures="0" timestamp="2023-02-28T12:32:48 IST" time="0.013" errors="0">
  <testcase name="a" time="0.011" classname="SeleniumTestNg.Annotations"/>
  <system-out/>
  <testcase name="b" time="0.002" classname="SeleniumTestNg.Annotations"/>
  <system-out/>
</testsuite> <!-- SeleniumTestNg.Annotations -->
