<?xml version="1.0" encoding="UTF-8"?>
<!-- Generated by org.testng.reporters.JUnitReportReporter -->
<testsuite skipped="0" hostname="mujeeb" name="SeleniumTestNg.TwoDREaderDP" tests="4" failures="0" timestamp="2023-02-28T17:06:26 IST" time="0.016" errors="0">
  <testcase name="login" time="0.011" classname="SeleniumTestNg.TwoDREaderDP"/>
  <system-out/>
  <testcase name="login" time="0.002" classname="SeleniumTestNg.TwoDREaderDP"/>
  <system-out/>
  <testcase name="login" time="0.002" classname="SeleniumTestNg.TwoDREaderDP"/>
  <system-out/>
  <testcase name="login" time="0.001" classname="SeleniumTestNg.TwoDREaderDP"/>
  <system-out/>
</testsuite> <!-- SeleniumTestNg.TwoDREaderDP -->
