<?xml version="1.0" encoding="UTF-8"?>
<!-- Generated by org.testng.reporters.JUnitReportReporter -->
<testsuite skipped="0" hostname="mujeeb" name="SeleniumTestNg.Sample3" tests="4" failures="0" timestamp="2023-02-28T12:21:42 IST" time="0.050" errors="0">
  <testcase name="e" time="0.027" classname="SeleniumTestNg.Sample3"/>
  <system-out/>
  <testcase name="e2" time="0.002" classname="SeleniumTestNg.Sample3"/>
  <system-out/>
  <testcase name="e1" time="0.012" classname="SeleniumTestNg.Sample3"/>
  <system-out/>
  <testcase name="e3" time="0.009" classname="SeleniumTestNg.Sample3"/>
  <system-out/>
</testsuite> <!-- SeleniumTestNg.Sample3 -->
