<?xml version="1.0" encoding="UTF-8"?>
<!-- Generated by org.testng.reporters.JUnitReportReporter -->
<testsuite skipped="0" hostname="mujeeb" name="SeleniumTestNg.Sample2" tests="4" failures="0" timestamp="2023-02-28T12:21:42 IST" time="31.862" errors="0">
  <testcase name="a3" time="0.009" classname="SeleniumTestNg.Sample2"/>
  <system-out/>
  <testcase name="log" time="31.824" classname="SeleniumTestNg.Sample2"/>
  <system-out/>
  <testcase name="a1" time="0.026" classname="SeleniumTestNg.Sample2"/>
  <system-out/>
  <testcase name="a2" time="0.003" classname="SeleniumTestNg.Sample2"/>
  <system-out/>
</testsuite> <!-- SeleniumTestNg.Sample2 -->
