<?xml version="1.0" encoding="UTF-8"?>
<!-- Generated by org.testng.reporters.JUnitReportReporter -->
<testsuite skipped="0" hostname="mujeeb" name="SeleniumTestNg.Sample1" tests="3" failures="0" timestamp="2023-02-28T12:21:42 IST" time="0.035" errors="0">
  <testcase name="m2" time="0.002" classname="SeleniumTestNg.Sample1"/>
  <system-out/>
  <testcase name="m3" time="0.007" classname="SeleniumTestNg.Sample1"/>
  <system-out/>
  <testcase name="m1" time="0.026" classname="SeleniumTestNg.Sample1"/>
  <system-out/>
</testsuite> <!-- SeleniumTestNg.Sample1 -->
